Starting!
We are using: cuda

Testing k = 2
fold 1/2: train_acc = 79.79%, val_acc = 77.96%, time = 11.3068s
fold 2/2: train_acc = 87.89%, val_acc = 86.23%, time = 9.8364s

2-fold results:
average train accuracy: 83.84%
average validation accuracy: 82.09%
average training time: 10.5716s

Testing k = 4
fold 1/4: train_acc = 88.87%, val_acc = 87.84%, time = 15.2093s
fold 2/4: train_acc = 88.86%, val_acc = 87.60%, time = 16.3897s
fold 3/4: train_acc = 88.43%, val_acc = 86.94%, time = 16.5264s
fold 4/4: train_acc = 88.82%, val_acc = 87.65%, time = 15.8451s

4-fold results:
average train accuracy: 88.75%
average validation accuracy: 87.51%
average training time: 15.9926s

Testing k = 8
fold 1/8: train_acc = 88.85%, val_acc = 86.95%, time = 19.2934s
fold 2/8: train_acc = 88.53%, val_acc = 88.05%, time = 18.3528s
fold 3/8: train_acc = 89.15%, val_acc = 87.68%, time = 18.6865s
fold 4/8: train_acc = 89.52%, val_acc = 87.34%, time = 18.2936s
fold 5/8: train_acc = 88.37%, val_acc = 87.75%, time = 18.1265s
fold 6/8: train_acc = 88.77%, val_acc = 87.43%, time = 19.5672s
fold 7/8: train_acc = 88.69%, val_acc = 88.02%, time = 18.1551s
fold 8/8: train_acc = 88.61%, val_acc = 88.41%, time = 18.1543s

8-fold results:
average train accuracy: 88.81%
average validation accuracy: 87.70%
average training time: 18.5787s

Testing k = 16
fold 1/16: train_acc = 89.40%, val_acc = 86.88%, time = 20.1794s
fold 2/16: train_acc = 87.33%, val_acc = 85.88%, time = 20.7519s
fold 3/16: train_acc = 89.27%, val_acc = 86.75%, time = 19.1226s
fold 4/16: train_acc = 89.35%, val_acc = 89.31%, time = 18.9775s
fold 5/16: train_acc = 88.94%, val_acc = 87.34%, time = 21.8523s
fold 6/16: train_acc = 89.56%, val_acc = 87.66%, time = 20.2627s
fold 7/16: train_acc = 89.47%, val_acc = 88.25%, time = 20.7839s
fold 8/16: train_acc = 89.02%, val_acc = 88.57%, time = 20.1961s
fold 9/16: train_acc = 89.09%, val_acc = 87.52%, time = 21.2465s
fold 10/16: train_acc = 89.66%, val_acc = 88.61%, time = 20.0983s
fold 11/16: train_acc = 89.20%, val_acc = 87.52%, time = 19.8601s
fold 12/16: train_acc = 89.57%, val_acc = 89.62%, time = 21.3126s
fold 13/16: train_acc = 89.31%, val_acc = 88.16%, time = 20.7586s
fold 14/16: train_acc = 89.11%, val_acc = 87.65%, time = 19.9327s
fold 15/16: train_acc = 89.13%, val_acc = 88.61%, time = 20.6657s
fold 16/16: train_acc = 88.66%, val_acc = 87.93%, time = 20.1664s

16-fold results:
average train accuracy: 89.13%
average validation accuracy: 87.89%
average training time: 20.3854s
All k-fold results across ks:
{'avg_train_acc': np.float64(83.84), 'avg_val_acc': np.float64(82.09428571428572), 'avg_time': np.float64(10.571584277000511), 'kfolds': 2, 'fold_train_accs': [79.78857142857143, 87.89142857142858], 'fold_val_accs': [77.96, 86.22857142857143], 'fold_times': [11.306805969012203, 9.83636258498882]}
{'avg_train_acc': np.float64(88.74666666666667), 'avg_val_acc': np.float64(87.50571428571429), 'avg_time': np.float64(15.992626465249487), 'kfolds': 4, 'fold_train_accs': [88.87238095238095, 88.85714285714286, 88.43428571428572, 88.82285714285715], 'fold_val_accs': [87.84, 87.6, 86.93714285714286, 87.64571428571429], 'fold_times': [15.209266805992229, 16.389703546999954, 16.52638649000437, 15.845149018001393]}
{'avg_train_acc': np.float64(88.81102040816327), 'avg_val_acc': np.float64(87.70285714285714), 'avg_time': np.float64(18.578674247622985), 'kfolds': 8, 'fold_train_accs': [88.85224489795918, 88.52571428571429, 89.15265306122448, 89.51510204081633, 88.36897959183673, 88.77061224489796, 88.68897959183674, 88.61387755102041], 'fold_val_accs': [86.94857142857143, 88.04571428571428, 87.68, 87.33714285714285, 87.74857142857142, 87.42857142857143, 88.02285714285715, 88.41142857142857], 'fold_times': [19.2934229770035, 18.352754680992803, 18.68653126299614, 18.293586839005002, 18.12651125699631, 19.567247076993226, 18.155083506993833, 18.154256380003062]}
{'avg_train_acc': np.float64(89.12952249507225), 'avg_val_acc': np.float64(87.89149977555591), 'avg_time': np.float64(20.385448492246724), 'kfolds': 16, 'fold_train_accs': [89.40021943191515, 87.3308545654029, 89.27221748140924, 89.34840911861514, 88.94306960867975, 89.56174570279167, 89.47336340363282, 89.01621358039742, 89.09273763447415, 89.65958613963977, 89.19940267576875, 89.56815896138725, 89.31216286228019, 89.10797549751622, 89.12626093316673, 88.65998232407887], 'fold_val_accs': [86.88299817184644, 85.87751371115174, 86.74588665447898, 89.3053016453382, 87.3400365630713, 87.6599634369287, 88.25411334552102, 88.57404021937843, 87.51714677640604, 88.61454046639231, 87.51714677640604, 89.62048468221307, 88.1572930955647, 87.65432098765432, 88.61454046639231, 87.92866941015089], 'fold_times': [20.1793984620017, 20.751872038003057, 19.1225987039943, 18.977523824985838, 21.852264372995705, 20.2627194240049, 20.78392159800569, 20.196108026997535, 21.24645330599742, 20.09831576999568, 19.86008195199247, 21.31255389600119, 20.75856008999108, 19.932712998997886, 20.665668776986422, 20.166422634996707]}

Best k-fold result:
{'avg_train_acc': np.float64(89.12952249507225), 'avg_val_acc': np.float64(87.89149977555591), 'avg_time': np.float64(20.385448492246724), 'kfolds': 16, 'fold_train_accs': [89.40021943191515, 87.3308545654029, 89.27221748140924, 89.34840911861514, 88.94306960867975, 89.56174570279167, 89.47336340363282, 89.01621358039742, 89.09273763447415, 89.65958613963977, 89.19940267576875, 89.56815896138725, 89.31216286228019, 89.10797549751622, 89.12626093316673, 88.65998232407887], 'fold_val_accs': [86.88299817184644, 85.87751371115174, 86.74588665447898, 89.3053016453382, 87.3400365630713, 87.6599634369287, 88.25411334552102, 88.57404021937843, 87.51714677640604, 88.61454046639231, 87.51714677640604, 89.62048468221307, 88.1572930955647, 87.65432098765432, 88.61454046639231, 87.92866941015089], 'fold_times': [20.1793984620017, 20.751872038003057, 19.1225987039943, 18.977523824985838, 21.852264372995705, 20.2627194240049, 20.78392159800569, 20.196108026997535, 21.24645330599742, 20.09831576999568, 19.86008195199247, 21.31255389600119, 20.75856008999108, 19.932712998997886, 20.665668776986422, 20.166422634996707]}

Final model results:
train_acc = 89.77%
test_acc = 88.53%
train_time = 26.4472s
Without k_fold:
{'train_acc': 89.76571428571428, 'test_acc': 88.53333333333333, 'train_time': 26.447183402007795}
