Starting!
We are using: cuda
Proceeding to loop over dropout probabilities...
Training Bag Net with probability: 0.2
Bag Net with Dropout Prob: 0.2
    train_acc = 89.04%
    test_acc = 87.73%
    train_time = 203.33s

Training Bag Net with probability: 0.3
Bag Net with Dropout Prob: 0.3
    train_acc = 88.97%
    test_acc = 87.75%
    train_time = 203.15s

Training Bag Net with probability: 0.4
Bag Net with Dropout Prob: 0.4
    train_acc = 88.68%
    test_acc = 87.60%
    train_time = 203.16s

Training Bag Net with probability: 0.5
Bag Net with Dropout Prob: 0.5
    train_acc = 88.36%
    test_acc = 87.47%
    train_time = 203.10s

Training Drop Net with probability: 0.2
Drop Net with Dropout Prob: 0.2
    train_acc = 89.09%
    test_acc = 87.87%
    train_time = 202.54s

Training Drop Net with probability: 0.3
Drop Net with Dropout Prob: 0.3
    train_acc = 88.83%
    test_acc = 87.85%
    train_time = 201.67s

Training Drop Net with probability: 0.4
Drop Net with Dropout Prob: 0.4
    train_acc = 88.86%
    test_acc = 87.81%
    train_time = 203.26s

Training Drop Net with probability: 0.5
Drop Net with Dropout Prob: 0.5
    train_acc = 88.15%
    test_acc = 87.41%
    train_time = 197.91s

Best Bag Net performance:
    num_iter: 32
    hidden_neurons: 16
    num_hidden_layers: 2
    learning_rate: 1e-05
    weight_decay: 1e-07
    batch_size: 32
    num_models: 8
    dropout_probability: 0.3
    train_accuracy: 88.96857142857142%
    test_accuracy: 87.75333333333333%
    train_time: 203.14915859300527s

Best Drop Net performance:
    num_iter: 32
    hidden_neurons: 16
    num_hidden_layers: 2
    learning_rate: 1e-05
    weight_decay: 1e-07
    batch_size: 32
    num_models: 8
    dropout_probability: 0.2
    train_accuracy: 89.09428571428572%
    test_accuracy: 87.86666666666666%
    train_time: 202.5389387999894s

Ending!
