Starting!
We are using: cuda
Proceeding to loop over dropout probabilities...
Training with probability: 0.2
Bag Net with Dropout Prob: 0.2
    train_acc = 97.49%
    test_acc = 88.01%
    train_time = 525.51s

Training with probability: 0.3
Bag Net with Dropout Prob: 0.3
    train_acc = 96.91%
    test_acc = 87.32%
    train_time = 524.29s

Training with probability: 0.4
Bag Net with Dropout Prob: 0.4
    train_acc = 94.72%
    test_acc = 86.25%
    train_time = 524.31s

Training with probability: 0.5
Bag Net with Dropout Prob: 0.5
    train_acc = 50.07%
    test_acc = 49.84%
    train_time = 529.04s

Training with probability: 0.6
Bag Net with Dropout Prob: 0.6
    train_acc = 49.93%
    test_acc = 50.16%
    train_time = 525.23s

Training with probability: 0.7
Bag Net with Dropout Prob: 0.7
    train_acc = 50.07%
    test_acc = 49.84%
    train_time = 525.54s

Best Bag Net performance:
    num_iter: 32
    hidden_neurons: 1024
    num_hidden_layers: 4
    learning_rate: 1e-05
    weight_decay: 0.001
    batch_size: 32
    num_models: 8
    dropout_probability: 0.2
    train_accuracy: 97.49428571428571%
    test_accuracy: 88.00666666666666%
    train_time: 525.5091730480017s

Ending!
