Starting!
We are using: cuda

Testing k = 2
fold 1/2: train_acc = 99.57%, val_acc = 84.99%, time = 32.6903s
fold 2/2: train_acc = 99.63%, val_acc = 85.35%, time = 32.3280s

2-fold results:
average train accuracy: 99.60%
average validation accuracy: 85.17%
average training time: 32.5091s

Testing k = 4
fold 1/4: train_acc = 98.89%, val_acc = 86.34%, time = 48.5252s
fold 2/4: train_acc = 98.94%, val_acc = 85.87%, time = 48.8395s
fold 3/4: train_acc = 99.07%, val_acc = 86.21%, time = 48.1476s
fold 4/4: train_acc = 99.02%, val_acc = 86.64%, time = 47.9185s

4-fold results:
average train accuracy: 98.98%
average validation accuracy: 86.27%
average training time: 48.3577s

Testing k = 8
fold 1/8: train_acc = 50.10%, val_acc = 48.73%, time = 56.8187s
fold 2/8: train_acc = 98.68%, val_acc = 87.02%, time = 56.2107s
fold 3/8: train_acc = 98.78%, val_acc = 87.25%, time = 55.8910s
fold 4/8: train_acc = 50.12%, val_acc = 49.69%, time = 56.2010s
fold 5/8: train_acc = 98.23%, val_acc = 87.09%, time = 55.9121s
fold 6/8: train_acc = 98.64%, val_acc = 87.04%, time = 56.2302s
fold 7/8: train_acc = 98.00%, val_acc = 86.45%, time = 55.8720s
fold 8/8: train_acc = 98.30%, val_acc = 86.22%, time = 56.2135s

8-fold results:
average train accuracy: 86.36%
average validation accuracy: 77.43%
average training time: 56.1686s

Testing k = 16
fold 1/16: train_acc = 50.09%, val_acc = 49.82%, time = 60.8930s
fold 2/16: train_acc = 98.28%, val_acc = 87.52%, time = 60.2894s
fold 3/16: train_acc = 98.47%, val_acc = 85.92%, time = 59.9477s
fold 4/16: train_acc = 98.37%, val_acc = 87.84%, time = 60.3783s
fold 5/16: train_acc = 98.61%, val_acc = 86.79%, time = 60.0480s
fold 6/16: train_acc = 98.72%, val_acc = 87.71%, time = 60.3929s
fold 7/16: train_acc = 97.94%, val_acc = 86.88%, time = 60.0227s
fold 8/16: train_acc = 50.01%, val_acc = 50.91%, time = 60.3624s
fold 9/16: train_acc = 98.31%, val_acc = 87.43%, time = 60.0247s
fold 10/16: train_acc = 98.31%, val_acc = 86.88%, time = 60.3941s
fold 11/16: train_acc = 98.59%, val_acc = 86.51%, time = 60.0314s
fold 12/16: train_acc = 98.16%, val_acc = 86.97%, time = 60.3521s
fold 13/16: train_acc = 97.99%, val_acc = 87.47%, time = 60.0521s
fold 14/16: train_acc = 98.12%, val_acc = 88.34%, time = 60.3497s
fold 15/16: train_acc = 98.09%, val_acc = 86.97%, time = 60.0296s
fold 16/16: train_acc = 98.62%, val_acc = 86.74%, time = 60.3423s

16-fold results:
average train accuracy: 92.29%
average validation accuracy: 82.54%
average training time: 60.2444s
All k-fold results:
{'avg_train_acc': np.float64(99.59714285714286), 'avg_val_acc': np.float64(85.16857142857143), 'avg_time': np.float64(32.50911876900136), 'kfolds': 2, 'fold_train_accs': [99.56571428571428, 99.62857142857143], 'fold_val_accs': [84.98857142857143, 85.34857142857143], 'fold_times': [32.690276785000606, 32.32796075300212]}
{'avg_train_acc': np.float64(98.98095238095237), 'avg_val_acc': np.float64(86.26571428571428), 'avg_time': np.float64(48.35769469799925), 'kfolds': 4, 'fold_train_accs': [98.88761904761905, 98.94095238095238, 99.07428571428571, 99.02095238095238], 'fold_val_accs': [86.34285714285714, 85.87428571428572, 86.20571428571428, 86.64], 'fold_times': [48.525164924998535, 48.839489460999175, 48.14761879300204, 47.91850561299725]}
{'avg_train_acc': np.float64(86.35551020408164), 'avg_val_acc': np.float64(77.43428571428572), 'avg_time': np.float64(56.168641797250075), 'kfolds': 8, 'fold_train_accs': [50.10285714285714, 98.68081632653062, 98.77877551020408, 50.12244897959184, 98.2269387755102, 98.63510204081632, 98.00163265306122, 98.29551020408164], 'fold_val_accs': [48.73142857142857, 87.01714285714286, 87.24571428571429, 49.691428571428574, 87.08571428571429, 87.04, 86.44571428571429, 86.21714285714286], 'fold_times': [56.81867037199845, 56.210663552999904, 55.89098084899888, 56.20097778700074, 55.912091285001225, 56.230220777000795, 55.87202979200083, 56.21349996299978]}
{'avg_train_acc': np.float64(92.29171837789268), 'avg_val_acc': np.float64(82.54391288392688), 'avg_time': np.float64(60.24440413856291), 'kfolds': 16, 'fold_train_accs': [50.085334633670605, 98.28416433012312, 98.46702425941729, 98.36645129830549, 98.60721687187615, 98.71998049494087, 97.93977812995246, 50.01219066195294, 98.31164477493677, 98.31469234754518, 98.58897388230275, 98.15621857190747, 97.9855545058361, 98.11964770060646, 98.08612440191388, 98.62249718099534], 'fold_val_accs': [49.81718464351005, 87.52285191956125, 85.92321755027422, 87.84277879341865, 86.79159049360146, 87.70566727605119, 86.88299817184644, 50.914076782449726, 87.42569730224051, 86.87700045724738, 86.51120256058528, 86.96844993141289, 87.47142203932327, 88.34019204389575, 86.96844993141289, 86.73982624599908], 'fold_times': [60.89296271800049, 60.289394258001266, 59.94769196500056, 60.37827619300151, 60.04798821700024, 60.392867970000225, 60.02274114000102, 60.36241011099992, 60.02466604299843, 60.3940884529984, 60.03141642999981, 60.35214651000206, 60.052119615000265, 60.349737565000396, 60.02964741500182, 60.34231161400021]}

Best k-fold result:
{'avg_train_acc': np.float64(98.98095238095237), 'avg_val_acc': np.float64(86.26571428571428), 'avg_time': np.float64(48.35769469799925), 'kfolds': 4, 'fold_train_accs': [98.88761904761905, 98.94095238095238, 99.07428571428571, 99.02095238095238], 'fold_val_accs': [86.34285714285714, 85.87428571428572, 86.20571428571428, 86.64], 'fold_times': [48.525164924998535, 48.839489460999175, 48.14761879300204, 47.91850561299725]}

Final model results:
train_acc = 98.21%
test_acc = 87.21%
train_time = 71.2576s
{'train_acc': 98.20571428571428, 'test_acc': 87.20666666666666, 'train_time': 71.25764819799952}
