We are using: cuda
models/baseline_3_hlayers_64_hneurons_1e-05_1e-07_8.onnx, Train time: 10.150284 seconds
[torch.onnx] Obtain model graph for `Sequential([...]` with `torch.export.export(..., strict=False)`...
[torch.onnx] Obtain model graph for `Sequential([...]` with `torch.export.export(..., strict=False)`... ✅
[torch.onnx] Run decompositions...
[torch.onnx] Run decompositions... ✅
[torch.onnx] Translate the graph into ONNX...
[torch.onnx] Translate the graph into ONNX... ✅
[torch.onnx] Optimize the ONNX graph...
[torch.onnx] Optimize the ONNX graph... ✅
models/baseline_3_hlayers_64_hneurons_1e-05_1e-07_16.onnx, Train time: 19.791670 seconds
[torch.onnx] Obtain model graph for `Sequential([...]` with `torch.export.export(..., strict=False)`...
[torch.onnx] Obtain model graph for `Sequential([...]` with `torch.export.export(..., strict=False)`... ✅
[torch.onnx] Run decompositions...
[torch.onnx] Run decompositions... ✅
[torch.onnx] Translate the graph into ONNX...
[torch.onnx] Translate the graph into ONNX... ✅
[torch.onnx] Optimize the ONNX graph...
[torch.onnx] Optimize the ONNX graph... ✅
models/baseline_3_hlayers_64_hneurons_1e-05_1e-07_32.onnx, Train time: 39.607700 seconds
[torch.onnx] Obtain model graph for `Sequential([...]` with `torch.export.export(..., strict=False)`...
[torch.onnx] Obtain model graph for `Sequential([...]` with `torch.export.export(..., strict=False)`... ✅
[torch.onnx] Run decompositions...
[torch.onnx] Run decompositions... ✅
[torch.onnx] Translate the graph into ONNX...
[torch.onnx] Translate the graph into ONNX... ✅
[torch.onnx] Optimize the ONNX graph...
[torch.onnx] Optimize the ONNX graph... ✅
models/baseline_3_hlayers_64_hneurons_1e-05_1e-07_48.onnx, Train time: 59.369228 seconds
[torch.onnx] Obtain model graph for `Sequential([...]` with `torch.export.export(..., strict=False)`...
[torch.onnx] Obtain model graph for `Sequential([...]` with `torch.export.export(..., strict=False)`... ✅
[torch.onnx] Run decompositions...
[torch.onnx] Run decompositions... ✅
[torch.onnx] Translate the graph into ONNX...
[torch.onnx] Translate the graph into ONNX... ✅
[torch.onnx] Optimize the ONNX graph...
[torch.onnx] Optimize the ONNX graph... ✅
models/baseline_3_hlayers_64_hneurons_1e-05_1e-07_64.onnx, Train time: 79.247127 seconds
[torch.onnx] Obtain model graph for `Sequential([...]` with `torch.export.export(..., strict=False)`...
[torch.onnx] Obtain model graph for `Sequential([...]` with `torch.export.export(..., strict=False)`... ✅
[torch.onnx] Run decompositions...
[torch.onnx] Run decompositions... ✅
[torch.onnx] Translate the graph into ONNX...
[torch.onnx] Translate the graph into ONNX... ✅
[torch.onnx] Optimize the ONNX graph...
[torch.onnx] Optimize the ONNX graph... ✅
hl = 3, hn = 64, lr = 1e-05, wd = 1e-07, ni = 8, train accuracy: 0.9234857142857142, test accuracy: 0.8975333333333333
hl = 3, hn = 64, lr = 1e-05, wd = 1e-07, ni = 16, train accuracy: 0.9529428571428571, test accuracy: 0.9039333333333334
hl = 3, hn = 64, lr = 1e-05, wd = 1e-07, ni = 32, train accuracy: 0.9846857142857143, test accuracy: 0.8966
hl = 3, hn = 64, lr = 1e-05, wd = 1e-07, ni = 48, train accuracy: 0.9974, test accuracy: 0.8842
hl = 3, hn = 64, lr = 1e-05, wd = 1e-07, ni = 64, train accuracy: 0.9995714285714286, test accuracy: 0.8722666666666666
{'test_acc': np.float64(0.9039333333333334), 'train_acc': np.float64(0.9529428571428571), 'h_layers': 3, 'h_neurons': 64, 'lr': 1e-05, 'wd': 1e-07, 'num_iter': 16}
