Starting!
We are using: cuda

Testing k = 2
fold 1/2: train_acc = 97.83%, val_acc = 90.34%, time = 20.4365s
fold 2/2: train_acc = 97.85%, val_acc = 89.65%, time = 20.0382s

2-fold results:
average train accuracy: 97.84%
average validation accuracy: 89.99%
average training time: 20.2373s

Testing k = 4
fold 1/4: train_acc = 98.16%, val_acc = 90.14%, time = 30.0527s
fold 2/4: train_acc = 98.26%, val_acc = 89.94%, time = 30.0699s
fold 3/4: train_acc = 98.59%, val_acc = 89.50%, time = 30.0296s
fold 4/4: train_acc = 98.35%, val_acc = 90.45%, time = 30.0575s

4-fold results:
average train accuracy: 98.34%
average validation accuracy: 90.01%
average training time: 30.0524s

Testing k = 8
fold 1/8: train_acc = 98.07%, val_acc = 89.85%, time = 35.0925s
fold 2/8: train_acc = 98.21%, val_acc = 90.51%, time = 35.1133s
fold 3/8: train_acc = 98.64%, val_acc = 89.65%, time = 35.0920s
fold 4/8: train_acc = 98.63%, val_acc = 90.45%, time = 35.0653s
fold 5/8: train_acc = 98.60%, val_acc = 89.35%, time = 35.0903s
fold 6/8: train_acc = 98.06%, val_acc = 90.19%, time = 35.0669s
fold 7/8: train_acc = 98.53%, val_acc = 89.83%, time = 35.0558s
fold 8/8: train_acc = 98.53%, val_acc = 89.71%, time = 35.0682s

8-fold results:
average train accuracy: 98.41%
average validation accuracy: 89.94%
average training time: 35.0805s

Testing k = 16
fold 1/16: train_acc = 98.50%, val_acc = 89.99%, time = 37.6258s
fold 2/16: train_acc = 98.50%, val_acc = 90.90%, time = 37.6427s
fold 3/16: train_acc = 98.23%, val_acc = 89.99%, time = 37.6115s
fold 4/16: train_acc = 98.28%, val_acc = 90.95%, time = 37.6597s
fold 5/16: train_acc = 98.85%, val_acc = 89.44%, time = 37.6220s
fold 6/16: train_acc = 98.30%, val_acc = 89.21%, time = 37.6725s
fold 7/16: train_acc = 98.40%, val_acc = 89.95%, time = 37.6221s
fold 8/16: train_acc = 98.17%, val_acc = 91.64%, time = 37.6625s
fold 9/16: train_acc = 98.46%, val_acc = 89.57%, time = 37.6295s
fold 10/16: train_acc = 98.61%, val_acc = 89.76%, time = 37.6310s
fold 11/16: train_acc = 98.30%, val_acc = 90.21%, time = 37.6218s
fold 12/16: train_acc = 98.59%, val_acc = 90.08%, time = 37.6305s
fold 13/16: train_acc = 98.42%, val_acc = 89.76%, time = 37.6485s
fold 14/16: train_acc = 98.45%, val_acc = 89.48%, time = 37.6211s
fold 15/16: train_acc = 98.43%, val_acc = 90.40%, time = 37.5850s
fold 16/16: train_acc = 98.46%, val_acc = 90.26%, time = 37.6858s

16-fold results:
average train accuracy: 98.43%
average validation accuracy: 90.10%
average training time: 37.6357s
All k-fold results across ks:
{'avg_train_acc': np.float64(97.84285714285714), 'avg_val_acc': np.float64(89.99428571428571), 'avg_time': np.float64(20.23734936599999), 'kfolds': 2, 'fold_train_accs': [97.83428571428571, 97.85142857142857], 'fold_val_accs': [90.33714285714285, 89.65142857142857], 'fold_times': [20.43649471699996, 20.03820401500002]}
{'avg_train_acc': np.float64(98.34095238095239), 'avg_val_acc': np.float64(90.00571428571429), 'avg_time': np.float64(30.052425974999977), 'kfolds': 4, 'fold_train_accs': [98.16380952380952, 98.26285714285714, 98.5904761904762, 98.34666666666666], 'fold_val_accs': [90.13714285714286, 89.94285714285714, 89.49714285714286, 90.44571428571429], 'fold_times': [30.052656728999978, 30.069915768999977, 30.029629107000005, 30.05750229499995]}
{'avg_train_acc': np.float64(98.40816326530611), 'avg_val_acc': np.float64(89.94285714285715), 'avg_time': np.float64(35.08054504037504), 'kfolds': 8, 'fold_train_accs': [98.07020408163265, 98.20734693877552, 98.63510204081632, 98.62530612244898, 98.59918367346938, 98.06367346938775, 98.53387755102041, 98.53061224489795], 'fold_val_accs': [89.85142857142857, 90.51428571428572, 89.64571428571429, 90.44571428571429, 89.34857142857143, 90.19428571428571, 89.82857142857142, 89.71428571428571], 'fold_times': [35.092485335000106, 35.11334228199996, 35.09198668400006, 35.06531350700004, 35.090337540000064, 35.066908614, 35.05579759700004, 35.06818876400007]}
{'avg_train_acc': np.float64(98.43390430294701), 'avg_val_acc': np.float64(90.09996356440627), 'avg_time': np.float64(37.63574983575), 'kfolds': 16, 'fold_train_accs': [98.50054857978789, 98.50054857978789, 98.22930635133488, 98.27502133365842, 98.85407777642325, 98.30245032305254, 98.3999756186761, 98.16835304157016, 98.4579282601408, 98.61335446317008, 98.29945448450309, 98.58592630969433, 98.41830981623137, 98.44573796970712, 98.42745253405663, 98.46402340535764], 'fold_val_accs': [89.99085923217551, 90.90493601462524, 89.99085923217551, 90.95063985374772, 89.44241316270566, 89.21389396709324, 89.94515539305301, 91.63619744058501, 89.57475994513031, 89.75765889346137, 90.21490626428898, 90.07773205304069, 89.75765889346137, 89.4833104709648, 90.39780521262003, 90.26063100137175], 'fold_times': [37.62584592499991, 37.64267742400011, 37.6114818829999, 37.65970065800002, 37.62203963899992, 37.67246418599984, 37.62208952500009, 37.66250234799986, 37.62945624400004, 37.631047494000086, 37.62182692800002, 37.63047030000007, 37.648519966000094, 37.621067923000055, 37.58498101999999, 37.68582590899996]}

Best k-fold result:
{'avg_train_acc': np.float64(98.43390430294701), 'avg_val_acc': np.float64(90.09996356440627), 'avg_time': np.float64(37.63574983575), 'kfolds': 16, 'fold_train_accs': [98.50054857978789, 98.50054857978789, 98.22930635133488, 98.27502133365842, 98.85407777642325, 98.30245032305254, 98.3999756186761, 98.16835304157016, 98.4579282601408, 98.61335446317008, 98.29945448450309, 98.58592630969433, 98.41830981623137, 98.44573796970712, 98.42745253405663, 98.46402340535764], 'fold_val_accs': [89.99085923217551, 90.90493601462524, 89.99085923217551, 90.95063985374772, 89.44241316270566, 89.21389396709324, 89.94515539305301, 91.63619744058501, 89.57475994513031, 89.75765889346137, 90.21490626428898, 90.07773205304069, 89.75765889346137, 89.4833104709648, 90.39780521262003, 90.26063100137175], 'fold_times': [37.62584592499991, 37.64267742400011, 37.6114818829999, 37.65970065800002, 37.62203963899992, 37.67246418599984, 37.62208952500009, 37.66250234799986, 37.62945624400004, 37.631047494000086, 37.62182692800002, 37.63047030000007, 37.648519966000094, 37.621067923000055, 37.58498101999999, 37.68582590899996]}

Final model results:
train_acc = 98.46%
test_acc = 89.65%
train_time = 46.8413s
Without k_fold:
{'train_acc': 98.46, 'test_acc': 89.64666666666666, 'train_time': 46.841301188000216}
