Starting!
We are using: cuda

Testing k = 2
fold 1/2: train_acc = 92.24%, val_acc = 88.83%, time = 7.6370s
fold 2/2: train_acc = 92.13%, val_acc = 88.75%, time = 7.3769s

2-fold results:
average train accuracy: 92.18%
average validation accuracy: 88.79%
average training time: 7.5070s

Testing k = 4
fold 1/4: train_acc = 92.50%, val_acc = 90.07%, time = 11.0531s
fold 2/4: train_acc = 93.06%, val_acc = 89.61%, time = 11.0540s
fold 3/4: train_acc = 92.92%, val_acc = 89.61%, time = 11.0636s
fold 4/4: train_acc = 92.91%, val_acc = 89.67%, time = 11.0283s

4-fold results:
average train accuracy: 92.85%
average validation accuracy: 89.74%
average training time: 11.0497s

Testing k = 8
fold 1/8: train_acc = 92.94%, val_acc = 90.03%, time = 12.8629s
fold 2/8: train_acc = 92.70%, val_acc = 89.83%, time = 12.8745s
fold 3/8: train_acc = 93.12%, val_acc = 90.15%, time = 12.8464s
fold 4/8: train_acc = 93.03%, val_acc = 89.99%, time = 12.8617s
fold 5/8: train_acc = 93.23%, val_acc = 89.39%, time = 12.8538s
fold 6/8: train_acc = 92.90%, val_acc = 90.26%, time = 12.8629s
fold 7/8: train_acc = 92.97%, val_acc = 89.35%, time = 12.8356s
fold 8/8: train_acc = 93.05%, val_acc = 89.81%, time = 12.8687s

8-fold results:
average train accuracy: 92.99%
average validation accuracy: 89.85%
average training time: 12.8583s

Testing k = 16
fold 1/16: train_acc = 92.97%, val_acc = 90.49%, time = 13.8207s
fold 2/16: train_acc = 93.11%, val_acc = 89.85%, time = 13.8004s
fold 3/16: train_acc = 93.05%, val_acc = 89.72%, time = 13.8041s
fold 4/16: train_acc = 92.98%, val_acc = 90.17%, time = 13.8326s
fold 5/16: train_acc = 92.97%, val_acc = 89.53%, time = 13.8096s
fold 6/16: train_acc = 92.90%, val_acc = 90.27%, time = 13.8139s
fold 7/16: train_acc = 92.88%, val_acc = 89.44%, time = 13.8176s
fold 8/16: train_acc = 93.06%, val_acc = 88.67%, time = 13.8336s
fold 9/16: train_acc = 92.88%, val_acc = 89.67%, time = 13.7996s
fold 10/16: train_acc = 92.91%, val_acc = 90.49%, time = 13.8162s
fold 11/16: train_acc = 92.78%, val_acc = 90.86%, time = 13.7870s
fold 12/16: train_acc = 93.10%, val_acc = 89.07%, time = 13.8319s
fold 13/16: train_acc = 93.05%, val_acc = 89.99%, time = 13.7865s
fold 14/16: train_acc = 93.23%, val_acc = 90.21%, time = 13.8235s
fold 15/16: train_acc = 92.78%, val_acc = 90.26%, time = 13.7979s
fold 16/16: train_acc = 93.04%, val_acc = 90.31%, time = 13.7996s

16-fold results:
average train accuracy: 92.98%
average validation accuracy: 89.94%
average training time: 13.8109s
All k-fold results across ks:
{'avg_train_acc': np.float64(92.18285714285713), 'avg_val_acc': np.float64(88.79142857142857), 'avg_time': np.float64(7.506951371499326), 'kfolds': 2, 'fold_train_accs': [92.24, 92.12571428571428], 'fold_val_accs': [88.82857142857142, 88.75428571428571], 'fold_times': [7.637002390999442, 7.376900351999211]}
{'avg_train_acc': np.float64(92.84857142857143), 'avg_val_acc': np.float64(89.74000000000001), 'avg_time': np.float64(11.04973339649996), 'kfolds': 4, 'fold_train_accs': [92.50285714285714, 93.06285714285714, 92.92190476190476, 92.90666666666667], 'fold_val_accs': [90.06857142857143, 89.61142857142858, 89.61142857142858, 89.66857142857143], 'fold_times': [11.053068261999215, 11.053994552999939, 11.063591026000722, 11.028279744999963]}
{'avg_train_acc': np.float64(92.99265306122449), 'avg_val_acc': np.float64(89.85142857142857), 'avg_time': np.float64(12.858311931874937), 'kfolds': 8, 'fold_train_accs': [92.93714285714286, 92.70204081632653, 93.12326530612245, 93.02857142857142, 93.23102040816326, 92.90448979591837, 92.9665306122449, 93.04816326530612], 'fold_val_accs': [90.03428571428572, 89.82857142857142, 90.14857142857143, 89.98857142857143, 89.39428571428572, 90.26285714285714, 89.34857142857143, 89.80571428571429], 'fold_times': [12.862926759999937, 12.874544333999438, 12.846388845000547, 12.861655586999404, 12.85381747700012, 12.862882632000037, 12.835583574999873, 12.868696245000137]}
{'avg_train_acc': np.float64(92.98000015800716), 'avg_val_acc': np.float64(89.9371815150854), 'avg_time': np.float64(13.810910217875005), 'kfolds': 16, 'fold_train_accs': [92.96903571863952, 93.11227599658662, 93.05437035231013, 92.9842740460807, 92.96903571863952, 92.89589174692186, 92.87760575399244, 93.06046568328661, 92.87782281412855, 92.91134611282114, 92.77725291805078, 93.0972480419346, 93.04543930759151, 93.23134123670496, 92.78030049065919, 93.03629658976625], 'fold_val_accs': [90.49360146252285, 89.85374771480804, 89.71663619744058, 90.17367458866545, 89.53382084095064, 90.26508226691043, 89.44241316270566, 88.6654478976234, 89.66620941929584, 90.48925468678556, 90.85505258344764, 89.07178783721993, 89.98628257887518, 90.21490626428898, 90.26063100137175, 90.3063557384545], 'fold_times': [13.820650003000083, 13.800409680000485, 13.804100153000036, 13.832563909999408, 13.809559009000623, 13.813855067000077, 13.817557014999693, 13.833628437999323, 13.799621719000243, 13.816211013999236, 13.786995391000346, 13.83193453199965, 13.786549429000843, 13.823475795999911, 13.79789006900046, 13.799562260999664]}

Best k-fold result:
{'avg_train_acc': np.float64(92.98000015800716), 'avg_val_acc': np.float64(89.9371815150854), 'avg_time': np.float64(13.810910217875005), 'kfolds': 16, 'fold_train_accs': [92.96903571863952, 93.11227599658662, 93.05437035231013, 92.9842740460807, 92.96903571863952, 92.89589174692186, 92.87760575399244, 93.06046568328661, 92.87782281412855, 92.91134611282114, 92.77725291805078, 93.0972480419346, 93.04543930759151, 93.23134123670496, 92.78030049065919, 93.03629658976625], 'fold_val_accs': [90.49360146252285, 89.85374771480804, 89.71663619744058, 90.17367458866545, 89.53382084095064, 90.26508226691043, 89.44241316270566, 88.6654478976234, 89.66620941929584, 90.48925468678556, 90.85505258344764, 89.07178783721993, 89.98628257887518, 90.21490626428898, 90.26063100137175, 90.3063557384545], 'fold_times': [13.820650003000083, 13.800409680000485, 13.804100153000036, 13.832563909999408, 13.809559009000623, 13.813855067000077, 13.817557014999693, 13.833628437999323, 13.799621719000243, 13.816211013999236, 13.786995391000346, 13.83193453199965, 13.786549429000843, 13.823475795999911, 13.79789006900046, 13.799562260999664]}

Final model results:
train_acc = 93.12%
test_acc = 89.65%
train_time = 17.5283s
Without k_fold:
{'train_acc': 93.12, 'test_acc': 89.64666666666666, 'train_time': 17.52826460199958}
