Starting!
We are using: cuda

Testing k = 2
fold 1/2: train_acc = 93.68%, val_acc = 89.23%, time = 11.1567s
fold 2/2: train_acc = 93.77%, val_acc = 89.33%, time = 10.8060s

2-fold results:
average train accuracy: 93.73%
average validation accuracy: 89.28%
average training time: 10.9814s

Testing k = 4
fold 1/4: train_acc = 93.77%, val_acc = 89.23%, time = 16.2242s
fold 2/4: train_acc = 93.81%, val_acc = 89.42%, time = 16.1647s
fold 3/4: train_acc = 93.75%, val_acc = 89.02%, time = 16.1943s
fold 4/4: train_acc = 93.69%, val_acc = 89.65%, time = 16.1736s

4-fold results:
average train accuracy: 93.76%
average validation accuracy: 89.33%
average training time: 16.1892s

Testing k = 8
fold 1/8: train_acc = 93.75%, val_acc = 88.87%, time = 18.8763s
fold 2/8: train_acc = 93.63%, val_acc = 89.71%, time = 18.9211s
fold 3/8: train_acc = 93.65%, val_acc = 89.12%, time = 18.8918s
fold 4/8: train_acc = 93.53%, val_acc = 89.14%, time = 18.8949s
fold 5/8: train_acc = 93.64%, val_acc = 89.42%, time = 18.9059s
fold 6/8: train_acc = 93.58%, val_acc = 89.44%, time = 18.9420s
fold 7/8: train_acc = 93.59%, val_acc = 90.13%, time = 19.0017s
fold 8/8: train_acc = 93.54%, val_acc = 89.23%, time = 18.9837s

8-fold results:
average train accuracy: 93.61%
average validation accuracy: 89.38%
average training time: 18.9272s

Testing k = 16
fold 1/16: train_acc = 93.40%, val_acc = 89.99%, time = 20.3900s
fold 2/16: train_acc = 93.50%, val_acc = 88.80%, time = 20.4500s
fold 3/16: train_acc = 93.54%, val_acc = 89.44%, time = 20.5049s
fold 4/16: train_acc = 93.76%, val_acc = 89.40%, time = 20.5136s
fold 5/16: train_acc = 93.82%, val_acc = 89.26%, time = 20.4425s
fold 6/16: train_acc = 93.49%, val_acc = 89.35%, time = 20.5164s
fold 7/16: train_acc = 93.54%, val_acc = 89.67%, time = 20.4456s
fold 8/16: train_acc = 93.65%, val_acc = 87.80%, time = 20.4377s
fold 9/16: train_acc = 93.60%, val_acc = 89.12%, time = 20.4288s
fold 10/16: train_acc = 93.52%, val_acc = 89.89%, time = 20.5026s
fold 11/16: train_acc = 93.47%, val_acc = 89.62%, time = 20.4780s
fold 12/16: train_acc = 93.52%, val_acc = 90.58%, time = 20.4395s
fold 13/16: train_acc = 93.49%, val_acc = 89.25%, time = 20.4239s
fold 14/16: train_acc = 93.47%, val_acc = 89.71%, time = 20.4327s
fold 15/16: train_acc = 93.48%, val_acc = 88.89%, time = 20.4587s
fold 16/16: train_acc = 93.48%, val_acc = 90.58%, time = 20.4442s

16-fold results:
average train accuracy: 93.54%
average validation accuracy: 89.46%
average training time: 20.4568s
All k-fold results across ks:
{'avg_train_acc': np.float64(93.72571428571429), 'avg_val_acc': np.float64(89.28285714285715), 'avg_time': np.float64(10.981362234997505), 'kfolds': 2, 'fold_train_accs': [93.68, 93.77142857142857], 'fold_val_accs': [89.23428571428572, 89.33142857142857], 'fold_times': [11.15667927499453, 10.806045195000479]}
{'avg_train_acc': np.float64(93.75619047619048), 'avg_val_acc': np.float64(89.32857142857144), 'avg_time': np.float64(16.189200147247902), 'kfolds': 4, 'fold_train_accs': [93.77142857142857, 93.81333333333333, 93.75238095238095, 93.68761904761905], 'fold_val_accs': [89.23428571428572, 89.41714285714286, 89.01714285714286, 89.64571428571429], 'fold_times': [16.22421011100232, 16.164651425991906, 16.19431502399675, 16.17362402800063]}
{'avg_train_acc': np.float64(93.61469387755102), 'avg_val_acc': np.float64(89.38285714285715), 'avg_time': np.float64(18.927191506250892), 'kfolds': 8, 'fold_train_accs': [93.7534693877551, 93.63265306122449, 93.65224489795918, 93.52816326530612, 93.63591836734693, 93.57714285714286, 93.5934693877551, 93.54448979591837], 'fold_val_accs': [88.86857142857143, 89.71428571428571, 89.12, 89.14285714285714, 89.41714285714286, 89.44, 90.12571428571428, 89.23428571428572], 'fold_times': [18.87629499399918, 18.921107777990983, 18.89181979499699, 18.894930066002416, 18.905915821000235, 18.942033908009762, 19.001706673006993, 18.983723015000578]}
{'avg_train_acc': np.float64(93.54438157782073), 'avg_val_acc': np.float64(89.46005626566824), 'avg_time': np.float64(20.45681602224886), 'kfolds': 16, 'fold_train_accs': [93.3987565524808, 93.49932951359258, 93.53590149945143, 93.75533341460441, 93.81628672436914, 93.48713885163964, 93.54199683042789, 93.64866512251615, 93.59704994971506, 93.52390820711304, 93.46600432755311, 93.52390820711304, 93.49343248102886, 93.47209947276994, 93.47514704537835, 93.47514704537835], 'fold_val_accs': [89.99085923217551, 88.80255941499085, 89.44241316270566, 89.39670932358318, 89.25959780621572, 89.3510054844607, 89.6709323583181, 87.79707495429616, 89.1175125743027, 89.89483310470965, 89.62048468221307, 90.58070416095107, 89.25468678555099, 89.7119341563786, 88.88888888888889, 90.58070416095107], 'fold_times': [20.390024077001726, 20.449952896000468, 20.504907720998744, 20.51364272698993, 20.44249676700565, 20.5163529249985, 20.445586472997093, 20.43765482598974, 20.42881813699205, 20.502632336996612, 20.478043943003286, 20.439483496011235, 20.42385812199791, 20.432673500996316, 20.458697980997385, 20.444230427005095]}

Best k-fold result:
{'avg_train_acc': np.float64(93.54438157782073), 'avg_val_acc': np.float64(89.46005626566824), 'avg_time': np.float64(20.45681602224886), 'kfolds': 16, 'fold_train_accs': [93.3987565524808, 93.49932951359258, 93.53590149945143, 93.75533341460441, 93.81628672436914, 93.48713885163964, 93.54199683042789, 93.64866512251615, 93.59704994971506, 93.52390820711304, 93.46600432755311, 93.52390820711304, 93.49343248102886, 93.47209947276994, 93.47514704537835, 93.47514704537835], 'fold_val_accs': [89.99085923217551, 88.80255941499085, 89.44241316270566, 89.39670932358318, 89.25959780621572, 89.3510054844607, 89.6709323583181, 87.79707495429616, 89.1175125743027, 89.89483310470965, 89.62048468221307, 90.58070416095107, 89.25468678555099, 89.7119341563786, 88.88888888888889, 90.58070416095107], 'fold_times': [20.390024077001726, 20.449952896000468, 20.504907720998744, 20.51364272698993, 20.44249676700565, 20.5163529249985, 20.445586472997093, 20.43765482598974, 20.42881813699205, 20.502632336996612, 20.478043943003286, 20.439483496011235, 20.42385812199791, 20.432673500996316, 20.458697980997385, 20.444230427005095]}

Final model results:
train_acc = 93.40%
test_acc = 89.27%
train_time = 26.6041s
Without k_fold:
{'train_acc': 93.39714285714285, 'test_acc': 89.27333333333333, 'train_time': 26.604134102992248}
