Starting!
We are using: cuda
Proceeding to loop over dropout probabilities...
Training Bag Net with probability: 0.2
Bag Net with Dropout Prob: 0.2
    train_acc = 93.14%
    test_acc = 89.17%
    train_time = 195.36s

Training Bag Net with probability: 0.3
Bag Net with Dropout Prob: 0.3
    train_acc = 92.99%
    test_acc = 89.31%
    train_time = 224.80s

Training Bag Net with probability: 0.4
Bag Net with Dropout Prob: 0.4
    train_acc = 92.84%
    test_acc = 89.28%
    train_time = 194.96s

Training Bag Net with probability: 0.5
Bag Net with Dropout Prob: 0.5
    train_acc = 92.52%
    test_acc = 89.43%
    train_time = 195.80s

Training Drop Net with probability: 0.2
Drop Net with Dropout Prob: 0.2
    train_acc = 93.15%
    test_acc = 89.32%
    train_time = 200.06s

Training Drop Net with probability: 0.3
Drop Net with Dropout Prob: 0.3
    train_acc = 92.92%
    test_acc = 89.31%
    train_time = 195.03s

Training Drop Net with probability: 0.4
Drop Net with Dropout Prob: 0.4
    train_acc = 92.78%
    test_acc = 89.55%
    train_time = 208.15s

Training Drop Net with probability: 0.5
Drop Net with Dropout Prob: 0.5
    train_acc = 92.52%
    test_acc = 89.49%
    train_time = 195.07s

Best Bag Net performance:
    num_iter: 32
    hidden_neurons: 64
    num_hidden_layers: 3
    learning_rate: 1e-05
    weight_decay: 1e-07
    batch_size: 32
    num_models: 8
    dropout_probability: 0.5
    train_accuracy: 92.51714285714286%
    test_accuracy: 89.43333333333334%
    train_time: 195.7965313129971s

Best Drop Net performance:
    num_iter: 32
    hidden_neurons: 64
    num_hidden_layers: 3
    learning_rate: 1e-05
    weight_decay: 1e-07
    batch_size: 32
    num_models: 8
    dropout_probability: 0.4
    train_accuracy: 92.78%
    test_accuracy: 89.54666666666667%
    train_time: 208.1503380540089s

Ending!
