We are using: cuda
models/baseline_3_hlayers_64_hneurons_1e-05_1e-07_8.onnx, Train time: 5.827978 seconds
[torch.onnx] Obtain model graph for `Sequential([...]` with `torch.export.export(..., strict=False)`...
[torch.onnx] Obtain model graph for `Sequential([...]` with `torch.export.export(..., strict=False)`... ✅
[torch.onnx] Run decompositions...
[torch.onnx] Run decompositions... ✅
[torch.onnx] Translate the graph into ONNX...
[torch.onnx] Translate the graph into ONNX... ✅
[torch.onnx] Optimize the ONNX graph...
[torch.onnx] Optimize the ONNX graph... ✅
models/baseline_3_hlayers_64_hneurons_1e-05_1e-07_16.onnx, Train time: 11.095069 seconds
[torch.onnx] Obtain model graph for `Sequential([...]` with `torch.export.export(..., strict=False)`...
[torch.onnx] Obtain model graph for `Sequential([...]` with `torch.export.export(..., strict=False)`... ✅
[torch.onnx] Run decompositions...
[torch.onnx] Run decompositions... ✅
[torch.onnx] Translate the graph into ONNX...
[torch.onnx] Translate the graph into ONNX... ✅
[torch.onnx] Optimize the ONNX graph...
[torch.onnx] Optimize the ONNX graph... ✅
models/baseline_3_hlayers_64_hneurons_1e-05_1e-07_32.onnx, Train time: 21.078978 seconds
[torch.onnx] Obtain model graph for `Sequential([...]` with `torch.export.export(..., strict=False)`...
[torch.onnx] Obtain model graph for `Sequential([...]` with `torch.export.export(..., strict=False)`... ✅
[torch.onnx] Run decompositions...
[torch.onnx] Run decompositions... ✅
[torch.onnx] Translate the graph into ONNX...
[torch.onnx] Translate the graph into ONNX... ✅
[torch.onnx] Optimize the ONNX graph...
[torch.onnx] Optimize the ONNX graph... ✅
models/baseline_3_hlayers_64_hneurons_1e-05_1e-07_48.onnx, Train time: 31.145399 seconds
[torch.onnx] Obtain model graph for `Sequential([...]` with `torch.export.export(..., strict=False)`...
[torch.onnx] Obtain model graph for `Sequential([...]` with `torch.export.export(..., strict=False)`... ✅
[torch.onnx] Run decompositions...
[torch.onnx] Run decompositions... ✅
[torch.onnx] Translate the graph into ONNX...
[torch.onnx] Translate the graph into ONNX... ✅
[torch.onnx] Optimize the ONNX graph...
[torch.onnx] Optimize the ONNX graph... ✅
models/baseline_3_hlayers_64_hneurons_1e-05_1e-07_64.onnx, Train time: 41.473931 seconds
[torch.onnx] Obtain model graph for `Sequential([...]` with `torch.export.export(..., strict=False)`...
[torch.onnx] Obtain model graph for `Sequential([...]` with `torch.export.export(..., strict=False)`... ✅
[torch.onnx] Run decompositions...
[torch.onnx] Run decompositions... ✅
[torch.onnx] Translate the graph into ONNX...
[torch.onnx] Translate the graph into ONNX... ✅
[torch.onnx] Optimize the ONNX graph...
[torch.onnx] Optimize the ONNX graph... ✅
hl = 3, hn = 64, lr = 1e-05, wd = 1e-07, ni = 8, train accuracy: 0.8955714285714286, test accuracy: 0.8834
hl = 3, hn = 64, lr = 1e-05, wd = 1e-07, ni = 16, train accuracy: 0.9188571428571428, test accuracy: 0.8943333333333333
hl = 3, hn = 64, lr = 1e-05, wd = 1e-07, ni = 32, train accuracy: 0.9358285714285715, test accuracy: 0.8914
hl = 3, hn = 64, lr = 1e-05, wd = 1e-07, ni = 48, train accuracy: 0.9437142857142857, test accuracy: 0.8843333333333333
hl = 3, hn = 64, lr = 1e-05, wd = 1e-07, ni = 64, train accuracy: 0.9474, test accuracy: 0.8814666666666666
{'test_acc': np.float64(0.8943333333333333), 'train_acc': np.float64(0.9188571428571428), 'h_layers': 3, 'h_neurons': 64, 'lr': 1e-05, 'wd': 1e-07, 'num_iter': 16}
