Starting!
We are using: cuda

Testing k = 2
fold 1/2: train_acc = 95.07%, val_acc = 89.37%, test_acc = 88.99%, time = 15.2350s
fold 2/2: train_acc = 95.51%, val_acc = 89.56%, test_acc = 89.23%, time = 14.8457s

Results:
average train accuracy: 95.29%
average validation accuracy: 89.47%
average test accuracy: 89.11%
average training time: 15.0403s
Full evaluation all nets : 89.5867%

Testing k = 4
fold 1/4: train_acc = 95.42%, val_acc = 89.58%, test_acc = 89.29%, time = 22.2256s
fold 2/4: train_acc = 95.54%, val_acc = 89.73%, test_acc = 89.35%, time = 22.2484s
fold 3/4: train_acc = 95.44%, val_acc = 89.91%, test_acc = 89.29%, time = 22.3858s
fold 4/4: train_acc = 95.28%, val_acc = 89.59%, test_acc = 89.37%, time = 22.4751s

Results:
average train accuracy: 95.42%
average validation accuracy: 89.70%
average test accuracy: 89.33%
average training time: 22.3337s
Full evaluation all nets : 89.6333%

Testing k = 8
fold 1/8: train_acc = 95.24%, val_acc = 89.37%, test_acc = 89.42%, time = 26.1357s
fold 2/8: train_acc = 95.09%, val_acc = 89.55%, test_acc = 89.44%, time = 26.1932s
fold 3/8: train_acc = 95.49%, val_acc = 89.65%, test_acc = 89.40%, time = 26.1492s
fold 4/8: train_acc = 95.35%, val_acc = 89.67%, test_acc = 89.39%, time = 26.2121s
fold 5/8: train_acc = 95.28%, val_acc = 89.51%, test_acc = 89.28%, time = 26.1746s
fold 6/8: train_acc = 95.14%, val_acc = 90.03%, test_acc = 89.54%, time = 26.1560s
fold 7/8: train_acc = 95.26%, val_acc = 89.44%, test_acc = 89.42%, time = 26.1836s
fold 8/8: train_acc = 95.54%, val_acc = 88.71%, test_acc = 89.31%, time = 26.1831s

Results:
average train accuracy: 95.30%
average validation accuracy: 89.49%
average test accuracy: 89.40%
average training time: 26.1734s
Full evaluation all nets : 89.5933%

Testing k = 16
fold 1/16: train_acc = 95.18%, val_acc = 89.81%, test_acc = 89.33%, time = 28.0447s
fold 2/16: train_acc = 95.47%, val_acc = 90.04%, test_acc = 89.39%, time = 28.0557s
fold 3/16: train_acc = 95.33%, val_acc = 88.85%, test_acc = 89.43%, time = 28.0902s
fold 4/16: train_acc = 95.32%, val_acc = 89.85%, test_acc = 89.32%, time = 28.1914s
fold 5/16: train_acc = 95.13%, val_acc = 91.22%, test_acc = 89.35%, time = 28.0506s
fold 6/16: train_acc = 95.16%, val_acc = 89.35%, test_acc = 89.50%, time = 28.0635s
fold 7/16: train_acc = 95.42%, val_acc = 88.94%, test_acc = 89.36%, time = 28.0624s
fold 8/16: train_acc = 95.38%, val_acc = 89.40%, test_acc = 89.29%, time = 28.1156s
fold 9/16: train_acc = 95.58%, val_acc = 90.26%, test_acc = 89.31%, time = 28.1495s
fold 10/16: train_acc = 95.15%, val_acc = 89.99%, test_acc = 89.35%, time = 28.1307s
fold 11/16: train_acc = 95.15%, val_acc = 89.57%, test_acc = 89.21%, time = 28.2224s
fold 12/16: train_acc = 95.27%, val_acc = 90.44%, test_acc = 89.55%, time = 28.0830s
fold 13/16: train_acc = 94.96%, val_acc = 89.21%, test_acc = 89.54%, time = 28.0908s
fold 14/16: train_acc = 95.31%, val_acc = 88.80%, test_acc = 89.36%, time = 28.1022s
fold 15/16: train_acc = 95.22%, val_acc = 89.57%, test_acc = 89.25%, time = 28.0160s
fold 16/16: train_acc = 95.26%, val_acc = 89.44%, test_acc = 89.43%, time = 28.1380s

Results:
average train accuracy: 95.27%
average validation accuracy: 89.67%
average test accuracy: 89.37%
average training time: 28.1004s
Full evaluation all nets : 89.5533%
All k-fold results across ks:
{'avg_train_acc': np.float64(95.2942857142857), 'avg_val_acc': np.float64(89.46571428571428), 'avg_test_acc': np.float64(89.11), 'avg_time': np.float64(15.040317989499727), 'kfolds': 2, 'fold_train_accs': [95.07428571428571, 95.51428571428572], 'fold_val_accs': [89.37142857142857, 89.56], 'fold_times': [15.23497786200005, 14.845658116999402], 'full_test_acc': 89.58666666666667}
{'avg_train_acc': np.float64(95.42190476190476), 'avg_val_acc': np.float64(89.69999999999999), 'avg_test_acc': np.float64(89.32833333333333), 'avg_time': np.float64(22.33370995149994), 'kfolds': 4, 'fold_train_accs': [95.42476190476191, 95.54285714285714, 95.44, 95.28], 'fold_val_accs': [89.57714285714286, 89.72571428571429, 89.90857142857143, 89.58857142857143], 'fold_times': [22.225573173000157, 22.248406261999662, 22.385770166999464, 22.47509020400048], 'full_test_acc': 89.63333333333334}
{'avg_train_acc': np.float64(95.30000000000001), 'avg_val_acc': np.float64(89.49142857142857), 'avg_test_acc': np.float64(89.4), 'avg_time': np.float64(26.173429020874778), 'kfolds': 8, 'fold_train_accs': [95.23918367346938, 95.09224489795919, 95.4938775510204, 95.34693877551021, 95.27836734693878, 95.14448979591836, 95.26204081632653, 95.54285714285714], 'fold_val_accs': [89.37142857142857, 89.55428571428571, 89.64571428571429, 89.66857142857143, 89.50857142857143, 90.03428571428572, 89.44, 88.70857142857143], 'fold_times': [26.135674983000172, 26.19322025600013, 26.149192492999646, 26.212079638999967, 26.17460428999948, 26.15597443199931, 26.18361071899926, 26.183075355000256], 'full_test_acc': 89.59333333333333}
{'avg_train_acc': np.float64(95.26857185704195), 'avg_val_acc': np.float64(89.67142607262961), 'avg_test_acc': np.float64(89.37333333333333), 'avg_time': np.float64(28.10041856374994), 'kfolds': 16, 'fold_train_accs': [95.18164086309886, 95.46507375350481, 95.32792880653419, 95.31573814458125, 95.12678288431061, 95.15725953919298, 95.41935877118128, 95.37973911983421, 95.58101971779477, 95.15435955261634, 95.15131198000792, 95.27321488434463, 94.96236247828604, 95.31283332825404, 95.22445372260994, 95.26407216651937], 'fold_val_accs': [89.80804387568556, 90.03656307129799, 88.84826325411335, 89.85374771480804, 91.22486288848263, 89.3510054844607, 88.93967093235831, 89.39670932358318, 90.26063100137175, 89.98628257887518, 89.57475994513031, 90.44352994970279, 89.20896204846822, 88.79743941472337, 89.57475994513031, 89.43758573388203], 'fold_times': [28.044700272999762, 28.055695883000226, 28.090172787000483, 28.191363162000926, 28.050551190000988, 28.063458318998528, 28.06243509900014, 28.115613742000278, 28.149500785000782, 28.130681212998752, 28.222446146999573, 28.08302347299832, 28.090815599000052, 28.102239732999806, 28.01599341600013, 28.1380061990003], 'full_test_acc': 89.55333333333333}

Best k-fold result:
{'avg_train_acc': np.float64(95.42190476190476), 'avg_val_acc': np.float64(89.69999999999999), 'avg_test_acc': np.float64(89.32833333333333), 'avg_time': np.float64(22.33370995149994), 'kfolds': 4, 'fold_train_accs': [95.42476190476191, 95.54285714285714, 95.44, 95.28], 'fold_val_accs': [89.57714285714286, 89.72571428571429, 89.90857142857143, 89.58857142857143], 'fold_times': [22.225573173000157, 22.248406261999662, 22.385770166999464, 22.47509020400048], 'full_test_acc': 89.63333333333334}

