/usr/lib/python3.10/copyreg.py:101: FutureWarning: `isinstance(treespec, LeafSpec)` is deprecated, use `isinstance(treespec, TreeSpec) and treespec.is_leaf()` instead.
  return cls.__new__(cls, *args)
/usr/lib/python3.10/copyreg.py:101: FutureWarning: `isinstance(treespec, LeafSpec)` is deprecated, use `isinstance(treespec, TreeSpec) and treespec.is_leaf()` instead.
  return cls.__new__(cls, *args)
/usr/lib/python3.10/copyreg.py:101: FutureWarning: `isinstance(treespec, LeafSpec)` is deprecated, use `isinstance(treespec, TreeSpec) and treespec.is_leaf()` instead.
  return cls.__new__(cls, *args)
/usr/lib/python3.10/copyreg.py:101: FutureWarning: `isinstance(treespec, LeafSpec)` is deprecated, use `isinstance(treespec, TreeSpec) and treespec.is_leaf()` instead.
  return cls.__new__(cls, *args)
models/baseline_4_hlayers_16_hneurons_0.001_0.0001_32.onnx, Train time: 43.441673 seconds
[torch.onnx] Obtain model graph for `Sequential([...]` with `torch.export.export(..., strict=False)`...
[torch.onnx] Obtain model graph for `Sequential([...]` with `torch.export.export(..., strict=False)`... ✅
[torch.onnx] Run decompositions...
[torch.onnx] Run decompositions... ✅
[torch.onnx] Translate the graph into ONNX...
[torch.onnx] Translate the graph into ONNX... ✅
[torch.onnx] Optimize the ONNX graph...
[torch.onnx] Optimize the ONNX graph... ✅
models/baseline_4_hlayers_16_hneurons_0.001_0.001_32.onnx, Train time: 46.855775 seconds
[torch.onnx] Obtain model graph for `Sequential([...]` with `torch.export.export(..., strict=False)`...
[torch.onnx] Obtain model graph for `Sequential([...]` with `torch.export.export(..., strict=False)`... ✅
[torch.onnx] Run decompositions...
[torch.onnx] Run decompositions... ✅
[torch.onnx] Translate the graph into ONNX...
[torch.onnx] Translate the graph into ONNX... ✅
[torch.onnx] Optimize the ONNX graph...
[torch.onnx] Optimize the ONNX graph... ✅
models/baseline_4_hlayers_16_hneurons_0.001_0.01_32.onnx, Train time: 43.474548 seconds
[torch.onnx] Obtain model graph for `Sequential([...]` with `torch.export.export(..., strict=False)`...
[torch.onnx] Obtain model graph for `Sequential([...]` with `torch.export.export(..., strict=False)`... ✅
[torch.onnx] Run decompositions...
[torch.onnx] Run decompositions... ✅
[torch.onnx] Translate the graph into ONNX...
[torch.onnx] Translate the graph into ONNX... ✅
[torch.onnx] Optimize the ONNX graph...
[torch.onnx] Optimize the ONNX graph... ✅
models/baseline_4_hlayers_16_hneurons_0.001_0.1_32.onnx, Train time: 43.744890 seconds
[torch.onnx] Obtain model graph for `Sequential([...]` with `torch.export.export(..., strict=False)`...
[torch.onnx] Obtain model graph for `Sequential([...]` with `torch.export.export(..., strict=False)`... ✅
[torch.onnx] Run decompositions...
[torch.onnx] Run decompositions... ✅
[torch.onnx] Translate the graph into ONNX...
[torch.onnx] Translate the graph into ONNX... ✅
[torch.onnx] Optimize the ONNX graph...
[torch.onnx] Optimize the ONNX graph... ✅
hl = 4, hn = 16, lr = 0.001, wd = 0.0001, ni = 32, train accuracy: 0.9787714285714286, test accuracy: 0.8558666666666667
hl = 4, hn = 16, lr = 0.001, wd = 0.001, ni = 32, train accuracy: 0.9692857142857143, test accuracy: 0.8610666666666666
hl = 4, hn = 16, lr = 0.001, wd = 0.01, ni = 32, train accuracy: 0.5006857142857143, test accuracy: 0.4984
hl = 4, hn = 16, lr = 0.001, wd = 0.1, ni = 32, train accuracy: 0.5006857142857143, test accuracy: 0.4984
{'test_acc': np.float64(0.8610666666666666), 'train_acc': np.float64(0.9692857142857143), 'h_layers': 4, 'h_neurons': 16, 'lr': 0.001, 'wd': 0.001, 'num_iter': 32}
1441.03user 2.25system 3:20.08elapsed 721%CPU (0avgtext+0avgdata 2087136maxresident)k
0inputs+2664outputs (24major+98587minor)pagefaults 0swaps
